#
# There is insufficient memory for the Java Runtime Environment to continue.
# Native memory allocation (malloc) failed to allocate 1048576 bytes for AllocateHeap
# Possible reasons:
#   The system is out of physical RAM or swap space
#   The process is running with CompressedOops enabled, and the Java Heap may be blocking the growth of the native heap
# Possible solutions:
#   Reduce memory load on the system
#   Increase physical memory or swap space
#   Check if swap backing store is full
#   Decrease Java heap size (-Xmx/-Xms)
#   Decrease number of Java threads
#   Decrease Java thread stack sizes (-Xss)
#   Set larger code cache with -XX:ReservedCodeCacheSize=
#   JVM is running with Zero Based Compressed Oops mode in which the Java heap is
#     placed in the first 32GB address space. The Java Heap base address is the
#     maximum limit for the native heap growth. Please use -XX:HeapBaseMinAddress
#     to set the Java Heap base and to place the Java Heap above 32GB virtual address.
# This output file may be truncated or incomplete.
#
#  Out of Memory Error (allocation.cpp:44), pid=6892, tid=9900
#
# JRE version:  (17.0.10+1) (build )
# Java VM: OpenJDK 64-Bit Server VM (17.0.10+1-b1087.17, mixed mode, sharing, tiered, compressed oops, compressed class ptrs, g1 gc, windows-amd64)
# No core dump will be written. Minidumps are not enabled by default on client versions of Windows
#

---------------  S U M M A R Y ------------

Command Line: git4idea.http.GitAskPassApp Username for 'https://github.com': 

Host: AMD Ryzen 5 5600G with Radeon Graphics         , 12 cores, 13G,  Windows 11 , 64 bit Build 22621 (10.0.22621.3527)
Time: Thu May  2 20:48:27 2024 Bangladesh Standard Time elapsed time: 0.006814 seconds (0d 0h 0m 0s)

---------------  T H R E A D  ---------------

Current thread (0x000001f3e4ffd830):  JavaThread "Unknown thread" [_thread_in_vm, id=9900, stack(0x000000043d800000,0x000000043d900000)]

Stack: [0x000000043d800000,0x000000043d900000]
Native frames: (J=compiled Java code, j=interpreted, Vv=VM code, C=native code)
V  [jvm.dll+0x688ac9]
V  [jvm.dll+0x84220a]
V  [jvm.dll+0x843e4e]
V  [jvm.dll+0x8444b3]
V  [jvm.dll+0x24ba8f]
V  [jvm.dll+0xa6ca3]
V  [jvm.dll+0x2eb867]
V  [jvm.dll+0x2e34fb]
V  [jvm.dll+0x812d71]
V  [jvm.dll+0x3718e1]
V  [jvm.dll+0x7f18d6]
V  [jvm.dll+0x3f553f]
V  [jvm.dll+0x3f7171]
C  [jli.dll+0x528f]
C  [ucrtbase.dll+0x29333]
C  [KERNEL32.DLL+0x1257d]
C  [ntdll.dll+0x5aa48]


---------------  P R O C E S S  ---------------

Threads class SMR info:
_java_thread_list=0x00007ff83cc0ef58, length=0, elements={
}

Java Threads: ( => current thread )

Other Threads:
  0x000001f3e505fbe0 GCTaskThread "GC Thread#0" [stack: 0x000000043d900000,0x000000043da00000] [id=4820]

[error occurred during error reporting (printing all threads), id 0xc0000005, EXCEPTION_ACCESS_VIOLATION (0xc0000005) at pc=0x00007ff83c3c07b0]

VM state: not at safepoint (not fully initialized)

VM Mutex/Monitor currently owned by a thread:  ([mutex/lock_event])
[0x000001f3e4ff8af0] Heap_lock - owner thread: 0x000001f3e4ffd830

Heap address: 0x0000000721a00000, size: 3558 MB, Compressed Oops mode: Zero based, Oop shift amount: 3

CDS archive(s) mapped at: [0x0000000000000000-0x0000000000000000-0x0000000000000000), size 0, SharedBaseAddress: 0x0000000800000000, ArchiveRelocationMode: 1.
Narrow klass base: 0x0000000000000000, Narrow klass shift: 0, Narrow klass range: 0x0

GC Precious Log:
<Empty>

Heap:
 garbage-first heap   total 0K, used 0K [0x0000000721a00000, 0x0000000800000000)
  region size 2048K, 0 young (0K), 0 survivors (0K)
 Metaspace       used 0K, committed 0K, reserved 0K
  class space    used 0K, committed 0K, reserved 0K

Heap Regions: E=young(eden), S=young(survivor), O=old, HS=humongous(starts), HC=humongous(continues), CS=collection set, F=free, OA=open archive, CA=closed archive, TAMS=top-at-mark-start (previous, next)

Card table byte_map: [0x000001f3f83d0000,0x000001f3f8ad0000] _byte_map_base: 0x000001f3f4ac3000

GC Heap History (0 events):
No events

Dll operation events (1 events):
Event: 0.004 Loaded shared library A:\Programs\JetBrains\PyCharm 2023.3.4\jbr\bin\java.dll

Deoptimization events (0 events):
No events

Classes unloaded (0 events):
No events

Classes redefined (0 events):
No events

Internal exceptions (0 events):
No events

VM Operations (0 events):
No events

Events (0 events):
No events


Dynamic libraries:
0x00007ff787460000 - 0x00007ff78746a000 	A:\Programs\JetBrains\PyCharm 2023.3.4\jbr\bin\java.exe
0x00007ff88e390000 - 0x00007ff88e5a7000 	C:\Windows\SYSTEM32\ntdll.dll
0x00007ff88c0c0000 - 0x00007ff88c184000 	C:\Windows\System32\KERNEL32.DLL
0x00007ff88bad0000 - 0x00007ff88be77000 	C:\Windows\System32\KERNELBASE.dll
0x00007ff88b6b0000 - 0x00007ff88b7c1000 	C:\Windows\System32\ucrtbase.dll
0x00007ff877b30000 - 0x00007ff877b47000 	A:\Programs\JetBrains\PyCharm 2023.3.4\jbr\bin\jli.dll
0x00007ff8757e0000 - 0x00007ff8757fb000 	A:\Programs\JetBrains\PyCharm 2023.3.4\jbr\bin\VCRUNTIME140.dll
0x00007ff88cbd0000 - 0x00007ff88cd7e000 	C:\Windows\System32\USER32.dll
0x00007ff88baa0000 - 0x00007ff88bac6000 	C:\Windows\System32\win32u.dll
0x00007ff874a90000 - 0x00007ff874d23000 	C:\Windows\WinSxS\amd64_microsoft.windows.common-controls_6595b64144ccf1df_6.0.22621.3527_none_270e469b73872a76\COMCTL32.dll
0x00007ff88d7b0000 - 0x00007ff88d7d9000 	C:\Windows\System32\GDI32.dll
0x00007ff88dab0000 - 0x00007ff88db57000 	C:\Windows\System32\msvcrt.dll
0x00007ff88be80000 - 0x00007ff88bf99000 	C:\Windows\System32\gdi32full.dll
0x00007ff88b7d0000 - 0x00007ff88b86a000 	C:\Windows\System32\msvcp_win.dll
0x00007ff88e120000 - 0x00007ff88e151000 	C:\Windows\System32\IMM32.DLL
0x00007ff888740000 - 0x00007ff88874c000 	A:\Programs\JetBrains\PyCharm 2023.3.4\jbr\bin\vcruntime140_1.dll
0x00007ff858f70000 - 0x00007ff858ffd000 	A:\Programs\JetBrains\PyCharm 2023.3.4\jbr\bin\msvcp140.dll
0x00007ff83c0d0000 - 0x00007ff83cd53000 	A:\Programs\JetBrains\PyCharm 2023.3.4\jbr\bin\server\jvm.dll
0x00007ff88e1e0000 - 0x00007ff88e292000 	C:\Windows\System32\ADVAPI32.dll
0x00007ff88db60000 - 0x00007ff88dc08000 	C:\Windows\System32\sechost.dll
0x00007ff88c090000 - 0x00007ff88c0b8000 	C:\Windows\System32\bcrypt.dll
0x00007ff88d990000 - 0x00007ff88daa5000 	C:\Windows\System32\RPCRT4.dll
0x00007ff880e40000 - 0x00007ff880e74000 	C:\Windows\SYSTEM32\WINMM.dll
0x00007ff88b000000 - 0x00007ff88b04d000 	C:\Windows\SYSTEM32\POWRPROF.dll
0x00007ff878110000 - 0x00007ff878119000 	C:\Windows\SYSTEM32\WSOCK32.dll
0x00007ff88e160000 - 0x00007ff88e1d1000 	C:\Windows\System32\WS2_32.dll
0x00007ff880eb0000 - 0x00007ff880eba000 	C:\Windows\SYSTEM32\VERSION.dll
0x00007ff88afa0000 - 0x00007ff88afb3000 	C:\Windows\SYSTEM32\UMPDC.dll
0x00007ff88a630000 - 0x00007ff88a648000 	C:\Windows\SYSTEM32\kernel.appcore.dll
0x00007ff886a40000 - 0x00007ff886a4a000 	A:\Programs\JetBrains\PyCharm 2023.3.4\jbr\bin\jimage.dll
0x00007ff882bc0000 - 0x00007ff882df3000 	C:\Windows\SYSTEM32\DBGHELP.DLL
0x00007ff88dc10000 - 0x00007ff88df98000 	C:\Windows\System32\combase.dll
0x00007ff88e040000 - 0x00007ff88e117000 	C:\Windows\System32\OLEAUT32.dll
0x00007ff8799d0000 - 0x00007ff879a02000 	C:\Windows\SYSTEM32\dbgcore.DLL
0x00007ff88c010000 - 0x00007ff88c089000 	C:\Windows\System32\bcryptPrimitives.dll
0x00007ff879110000 - 0x00007ff879135000 	A:\Programs\JetBrains\PyCharm 2023.3.4\jbr\bin\java.dll

dbghelp: loaded successfully - version: 4.0.5 - missing functions: none
symbol engine: initialized successfully - sym options: 0x614 - pdb path: .;A:\Programs\JetBrains\PyCharm 2023.3.4\jbr\bin;C:\Windows\SYSTEM32;C:\Windows\WinSxS\amd64_microsoft.windows.common-controls_6595b64144ccf1df_6.0.22621.3527_none_270e469b73872a76;A:\Programs\JetBrains\PyCharm 2023.3.4\jbr\bin\server

VM Arguments:
java_command: git4idea.http.GitAskPassApp Username for 'https://github.com': 
java_class_path (initial): A:/Programs/JetBrains/PyCharm 2023.3.4/plugins/vcs-git/lib/git4idea-rt.jar;A:/Programs/JetBrains/PyCharm 2023.3.4/lib/externalProcess-rt.jar
Launcher Type: SUN_STANDARD

[Global flags]
     intx CICompilerCount                          = 4                                         {product} {ergonomic}
     uint ConcGCThreads                            = 3                                         {product} {ergonomic}
     uint G1ConcRefinementThreads                  = 10                                        {product} {ergonomic}
   size_t G1HeapRegionSize                         = 2097152                                   {product} {ergonomic}
    uintx GCDrainStackTargetSize                   = 64                                        {product} {ergonomic}
   size_t InitialHeapSize                          = 234881024                                 {product} {ergonomic}
   size_t MarkStackSize                            = 4194304                                   {product} {ergonomic}
   size_t MaxHeapSize                              = 3730833408                                {product} {ergonomic}
   size_t MinHeapDeltaBytes                        = 2097152                                   {product} {ergonomic}
   size_t MinHeapSize                              = 8388608                                   {product} {ergonomic}
    uintx NonNMethodCodeHeapSize                   = 5839372                                {pd product} {ergonomic}
    uintx NonProfiledCodeHeapSize                  = 122909434                              {pd product} {ergonomic}
    uintx ProfiledCodeHeapSize                     = 122909434                              {pd product} {ergonomic}
    uintx ReservedCodeCacheSize                    = 251658240                              {pd product} {ergonomic}
     bool SegmentedCodeCache                       = true                                      {product} {ergonomic}
   size_t SoftMaxHeapSize                          = 3730833408                             {manageable} {ergonomic}
     bool UseCompressedClassPointers               = true                           {product lp64_product} {ergonomic}
     bool UseCompressedOops                        = true                           {product lp64_product} {ergonomic}
     bool UseG1GC                                  = true                                      {product} {ergonomic}
     bool UseLargePagesIndividualAllocation        = false                                  {pd product} {ergonomic}

Logging:
Log output configuration:
 #0: stdout all=warning uptime,level,tags
 #1: stderr all=off uptime,level,tags

Environment Variables:
PATH=C:\Program Files\Git\mingw64\libexec\git-core;C:\Program Files\Git\mingw64\libexec\git-core;C:\Program Files\Git\mingw64\bin;C:\Program Files\Git\usr\bin;C:\Users\bubha\bin;B:\Projects\PycharmProjects\PPMI_Research_on_Parkinson's\.venv\Scripts;C:\Program Files\Common Files\Oracle\Java\javapath;C:\Windows\system32;C:\Windows;C:\Windows\System32\Wbem;C:\Windows\System32\WindowsPowerShell\v1.0;C:\Windows\System32\OpenSSH;C:\Program Files\MySQL\MySQL Server 8.0\bin;C:\Program Files\Git\cmd;C:\Program Files\Docker\Docker\resources\bin;C:\Program Files\MySQL\MySQL Shell 8.0\bin;C:\Users\bubha\AppData\Local\Programs\Python\Python312\Scripts;C:\Users\bubha\AppData\Local\Programs\Python\Python312;C:\Users\bubha\AppData\Local\Microsoft\WindowsApps;A:\Programs\JetBrains\PyCharm 2023.3.4\bin;A:\Programs\JetBrains\IntelliJ IDEA 2023.3.4\bin;A:\Programs\Microsoft VS Code\bin;A:\Programs\JetBrains\PhpStorm 2023.3.6\bin;A:\Programs\xampp\php;A:\Programs\RabbitMQ Server\rabbitmq_server-3.13.1\sbin
USERNAME=iammahbubalam
DISPLAY=:0.0
LC_ALL=en_US.UTF-8
TERM=xterm-256color
TMPDIR=C:\Users\bubha\AppData\Local\Temp
OS=Windows_NT
PROCESSOR_IDENTIFIER=AMD64 Family 25 Model 80 Stepping 0, AuthenticAMD
TMP=C:\Users\bubha\AppData\Local\Temp
TEMP=C:\Users\bubha\AppData\Local\Temp



Periodic native trim disabled

JNI global refs:
JNI global refs: 0, weak refs: 0

JNI global refs memory usage: 0, weak refs: 0

OOME stack traces (most recent first):
Classloader memory used:


---------------  S Y S T E M  ---------------

OS:
 Windows 11 , 64 bit Build 22621 (10.0.22621.3527)
OS uptime: 1 days 1:19 hours
Hyper-V role detected

CPU: total 12 (initial active 12) (12 cores per cpu, 2 threads per core) family 25 model 80 stepping 0 microcode 0x0, cx8, cmov, fxsr, ht, mmx, 3dnowpref, sse, sse2, sse3, ssse3, sse4a, sse4.1, sse4.2, popcnt, lzcnt, tsc, tscinvbit, avx, avx2, aes, erms, clmul, bmi1, bmi2, adx, sha, fma, vzeroupper, clflush, clflushopt, hv
Processor Information for all 12 processors :
  Max Mhz: 3901, Current Mhz: 3901, Mhz Limit: 3901

Memory: 4k page, system-wide physical 14225M (683M free)
TotalPageFile size 29586M (AvailPageFile size 6M)
current process WorkingSet (physical memory assigned to process): 11M, peak: 11M
current process commit charge ("private bytes"): 63M, peak: 64M

vm_info: OpenJDK 64-Bit Server VM (17.0.10+1-b1087.17) for windows-amd64 JRE (17.0.10+1-b1087.17), built on 2024-01-19 by "builduser" with MS VC++ 16.10 / 16.11 (VS2019)

END.
